<?xml version="1.0" encoding="UTF-8"?>
<robot generator="Robot 4.1.3 (Python 3.10.2 on win32)" generated="20220209 15:02:11.788" rpa="false" schemaversion="2">
<suite id="s1" name="TestSitePractice" source="C:\Temp\EstudoRobotFramework\SuiteSiteTeste\tests\TestSitePractice.robot">
<test id="s1-t1" name="Caso de Teste 01: Pesquisar produto existente">
<kw name="Abrir navegador" library="Resource" type="SETUP">
<kw name="Open Browser" library="SeleniumLibrary">
<arg>about:blank</arg>
<arg>${BROWSER}</arg>
<doc>Opens a new browser instance to the optional ``url``.</doc>
<msg timestamp="20220209 15:02:12.644" level="INFO">Opening browser 'chrome' to base url 'about:blank'.</msg>
<status status="PASS" starttime="20220209 15:02:12.643" endtime="20220209 15:02:15.490"/>
</kw>
<status status="PASS" starttime="20220209 15:02:12.642" endtime="20220209 15:02:15.490"/>
</kw>
<kw name="Acessar a página home do site" library="Resource">
<kw name="Go To" library="SeleniumLibrary">
<arg>http://automationpractice.com</arg>
<doc>Navigates the current browser window to the provided ``url``.</doc>
<msg timestamp="20220209 15:02:15.492" level="INFO">Opening url 'http://automationpractice.com'</msg>
<status status="PASS" starttime="20220209 15:02:15.492" endtime="20220209 15:02:22.256"/>
</kw>
<kw name="Title Should Be" library="SeleniumLibrary">
<arg>My Store</arg>
<doc>Verifies that the current page title equals ``title``.</doc>
<msg timestamp="20220209 15:02:22.323" level="INFO">Page title is 'My Store'.</msg>
<status status="PASS" starttime="20220209 15:02:22.257" endtime="20220209 15:02:22.323"/>
</kw>
<status status="PASS" starttime="20220209 15:02:15.491" endtime="20220209 15:02:22.324"/>
</kw>
<kw name="Digitar o nome do produto &quot;Blouse&quot; no campo de pesquisa" library="Resource" sourcename="Digitar o nome do produto &quot;${PRODUTO}&quot; no campo de pesquisa">
<kw name="Input Text" library="SeleniumLibrary">
<arg>name=search_query</arg>
<arg>${PRODUTO}</arg>
<doc>Types the given ``text`` into the text field identified by ``locator``.</doc>
<msg timestamp="20220209 15:02:22.326" level="INFO">Typing text 'Blouse' into text field 'name=search_query'.</msg>
<status status="PASS" starttime="20220209 15:02:22.325" endtime="20220209 15:02:22.880"/>
</kw>
<status status="PASS" starttime="20220209 15:02:22.324" endtime="20220209 15:02:22.880"/>
</kw>
<kw name="Clicar no botão Pesquisar" library="Resource">
<kw name="Click Element" library="SeleniumLibrary">
<arg>name=submit_search</arg>
<doc>Click the element identified by ``locator``.</doc>
<msg timestamp="20220209 15:02:22.891" level="INFO">Clicking element 'name=submit_search'.</msg>
<status status="PASS" starttime="20220209 15:02:22.890" endtime="20220209 15:02:26.122"/>
</kw>
<status status="PASS" starttime="20220209 15:02:22.889" endtime="20220209 15:02:26.122"/>
</kw>
<status status="PASS" starttime="20220209 15:02:12.641" endtime="20220209 15:02:26.123"/>
</test>
<status status="PASS" starttime="20220209 15:02:11.790" endtime="20220209 15:02:26.128"/>
</suite>
<statistics>
<total>
<stat pass="1" fail="0" skip="0">All Tests</stat>
</total>
<tag>
</tag>
<suite>
<stat pass="1" fail="0" skip="0" id="s1" name="TestSitePractice">TestSitePractice</stat>
</suite>
</statistics>
<errors>
</errors>
</robot>
